2025-11-20 12:33:15,545 [main][][][][][][][] INFO org.springframework.web.context.ContextLoader - Root WebApplicationContext: initialization started
2025-11-20 12:33:15,644 [main][][][][][][][] INFO org.springframework.web.context.support.XmlWebApplicationContext - Refreshing Root WebApplicationContext: startup date [Thu Nov 20 12:33:15 IST 2025]; root of context hierarchy
2025-11-20 12:33:15,668 [main][][][][][][][] INFO org.springframework.beans.factory.xml.XmlBeanDefinitionReader - Loading XML bean definitions from ServletContext resource [/WEB-INF/applicationContext.xml]
2025-11-20 12:33:15,802 [main][][][][][][][] INFO org.springframework.beans.factory.xml.XmlBeanDefinitionReader - Loading XML bean definitions from URL [jar:file:/C:/Users/Jeevan/.m2/repository/com/fuso/enterprise/ots/ots-server/18.25-SNAPSHOT/ots-server-18.25-SNAPSHOT.jar!/META-INF/spring/ipt-service-context.xml]
2025-11-20 12:33:16,380 [main][][][][][][][] INFO org.springframework.beans.factory.xml.XmlBeanDefinitionReader - Loading XML bean definitions from URL [jar:file:/C:/Users/Jeevan/.m2/repository/com/fuso/enterprise/ots/ots-server-common/18.25-SNAPSHOT/ots-server-common-18.25-SNAPSHOT.jar!/META-INF/spring/ipt-app-config-context.xml]
2025-11-20 12:33:16,902 [main][][][][][][][] INFO org.springframework.beans.factory.xml.XmlBeanDefinitionReader - Loading XML bean definitions from URL [jar:file:/C:/Users/Jeevan/.m2/repository/com/fuso/enterprise/ots/ots-server-common/18.25-SNAPSHOT/ots-server-common-18.25-SNAPSHOT.jar!/META-INF/spring/validation-context.xml]
2025-11-20 12:33:16,984 [main][][][][][][][] INFO org.springframework.beans.factory.xml.XmlBeanDefinitionReader - Loading XML bean definitions from URL [jar:file:/C:/Users/Jeevan/.m2/repository/com/fuso/enterprise/ots/ots-server-common/18.25-SNAPSHOT/ots-server-common-18.25-SNAPSHOT.jar!/META-INF/spring/ipt-dao-context.xml]
2025-11-20 12:33:17,025 [main][][][][][][][] INFO org.springframework.beans.factory.xml.XmlBeanDefinitionReader - Loading XML bean definitions from URL [jar:file:/C:/Users/Jeevan/.m2/repository/com/fuso/enterprise/ots/ots-server-common/18.25-SNAPSHOT/ots-server-common-18.25-SNAPSHOT.jar!/META-INF/spring/validation-context.xml]
2025-11-20 12:33:17,050 [main][][][][][][][] INFO org.springframework.beans.factory.xml.XmlBeanDefinitionReader - Loading XML bean definitions from URL [jar:file:/C:/Users/Jeevan/.m2/repository/com/fuso/enterprise/ots/ots-server-ws/18.25-SNAPSHOT/ots-server-ws-18.25-SNAPSHOT.jar!/META-INF/spring/ipt-ws-service-context.xml]
2025-11-20 12:33:17,810 [main][][][][][][][] INFO org.springframework.beans.factory.support.DefaultListableBeanFactory - Overriding bean definition for bean 'emailUtil' with a different definition: replacing [Generic bean: class [com.fuso.enterprise.ots.srv.server.util.EmailUtil]; scope=singleton; abstract=false; lazyInit=false; autowireMode=0; dependencyCheck=0; autowireCandidate=true; primary=false; factoryBeanName=null; factoryMethodName=null; initMethodName=null; destroyMethodName=null; defined in URL [jar:file:/C:/Users/Jeevan/.m2/repository/com/fuso/enterprise/ots/ots-server/18.25-SNAPSHOT/ots-server-18.25-SNAPSHOT.jar!/com/fuso/enterprise/ots/srv/server/util/EmailUtil.class]] with [Generic bean: class [com.fuso.enterprise.ots.srv.server.util.EmailUtil]; scope=; abstract=false; lazyInit=false; autowireMode=0; dependencyCheck=0; autowireCandidate=true; primary=false; factoryBeanName=null; factoryMethodName=null; initMethodName=null; destroyMethodName=null; defined in ServletContext resource [/WEB-INF/applicationContext.xml]]
2025-11-20 12:33:18,703 [main][][][][][][][] INFO org.springframework.beans.factory.config.PropertiesFactoryBean - Loading properties file from class path resource [ots/app-config.properties]
2025-11-20 12:33:18,816 [main][][][][][][][] INFO org.springframework.beans.factory.config.PropertiesFactoryBean - Loading properties file from class path resource [ots/env-config.properties]
2025-11-20 12:33:18,890 [main][][][][][][][] INFO org.springframework.beans.factory.annotation.AutowiredAnnotationBeanPostProcessor - JSR-330 'javax.inject.Inject' annotation found and supported for autowiring
2025-11-20 12:33:19,025 [main][][][][][][][] INFO org.hibernate.validator.internal.util.Version - HV000001: Hibernate Validator 5.2.4.Final
2025-11-20 12:33:19,250 [main][][][][][][][] INFO org.springframework.context.support.PostProcessorRegistrationDelegate$BeanPostProcessorChecker - Bean 'validatorFactory' of type [class org.springframework.validation.beanvalidation.LocalValidatorFactoryBean] is not eligible for getting processed by all BeanPostProcessors (for example: not eligible for auto-proxying)
2025-11-20 12:33:19,593 [main][][][][][][][] INFO org.springframework.jdbc.datasource.DriverManagerDataSource - Loaded JDBC driver: org.postgresql.Driver
2025-11-20 12:33:19,686 [main][][][][][][][] INFO org.springframework.orm.jpa.LocalContainerEntityManagerFactoryBean - Building JPA container EntityManagerFactory for persistence unit 'iptModel'
2025-11-20 12:33:19,737 [main][][][][][][][] INFO org.hibernate.jpa.internal.util.LogHelper - HHH000204: Processing PersistenceUnitInfo [
	name: iptModel
	...]
2025-11-20 12:33:20,117 [main][][][][][][][] INFO org.hibernate.Version - HHH000412: Hibernate Core {5.1.0.Final}
2025-11-20 12:33:20,119 [main][][][][][][][] INFO org.hibernate.cfg.Environment - HHH000206: hibernate.properties not found
2025-11-20 12:33:20,120 [main][][][][][][][] INFO org.hibernate.cfg.Environment - HHH000021: Bytecode provider name : javassist
2025-11-20 12:33:20,177 [main][][][][][][][] INFO org.hibernate.annotations.common.Version - HCANN000001: Hibernate Commons Annotations {5.0.1.Final}
2025-11-20 12:33:20,724 [main][][][][][][][] INFO org.hibernate.dialect.Dialect - HHH000400: Using dialect: org.hibernate.dialect.PostgreSQLDialect
2025-11-20 12:33:20,949 [main][][][][][][][] INFO org.hibernate.engine.jdbc.env.internal.LobCreatorBuilderImpl - HHH000422: Disabling contextual LOB creation as connection was null
2025-11-20 12:33:20,949 [main][][][][][][][] INFO org.hibernate.type.BasicTypeRegistry - HHH000270: Type registration [java.util.UUID] overrides previous : org.hibernate.type.UUIDBinaryType@7d483ebe
2025-11-20 12:33:23,514 [main][][][][][][][] INFO org.hibernate.hql.internal.QueryTranslatorFactoryInitiator - HHH000397: Using ASTQueryTranslatorFactory
2025-11-20 12:33:26,607 [main][][][][][][][] INFO org.springframework.web.servlet.handler.SimpleUrlHandlerMapping - Mapped URL path [/swagger-ui/**] onto handler of type [class org.springframework.web.servlet.resource.ResourceHttpRequestHandler]
2025-11-20 12:33:26,607 [main][][][][][][][] INFO org.springframework.web.servlet.handler.SimpleUrlHandlerMapping - Mapped URL path [/etaarana/**] onto handler of type [class org.springframework.web.servlet.resource.ResourceHttpRequestHandler]
2025-11-20 12:33:26,607 [main][][][][][][][] INFO org.springframework.web.servlet.handler.SimpleUrlHandlerMapping - Mapped URL path [/bomchildparts/**] onto handler of type [class org.springframework.web.servlet.resource.ResourceHttpRequestHandler]
2025-11-20 12:33:27,101 [main][][][][][][][] INFO org.springframework.web.servlet.mvc.method.annotation.RequestMappingHandlerAdapter - Looking for @ControllerAdvice: Root WebApplicationContext: startup date [Thu Nov 20 07:03:15 UTC 2025]; root of context hierarchy
2025-11-20 12:33:27,298 [main][][][][][][][] INFO org.springframework.web.context.ContextLoader - Root WebApplicationContext: initialization completed in 11728 ms
2025-11-20 12:33:29,631 [main][][][][][][][] INFO org.springframework.web.context.support.XmlWebApplicationContext - Refreshing Root WebApplicationContext: startup date [Thu Nov 20 07:03:29 UTC 2025]; parent: Root WebApplicationContext
2025-11-20 12:33:29,631 [main][][][][][][][] INFO org.springframework.beans.factory.xml.XmlBeanDefinitionReader - Loading XML bean definitions from class path resource [META-INF/cxf/cxf.xml]
2025-11-20 12:33:29,656 [main][][][][][][][] INFO org.springframework.beans.factory.xml.XmlBeanDefinitionReader - Loading XML bean definitions from URL [file:/G:/Garnet_Postgres_PullCode/Garnet_Postgres_7.0/ots-server-war/src/main/webapp/WEB-INF/jaxrs-cxf-servlet.xml]
2025-11-20 12:33:29,790 [main][][][][][][][] INFO org.springframework.beans.factory.xml.XmlBeanDefinitionReader - Loading XML bean definitions from class path resource [META-INF/spring/ipt-app-config-context.xml]
2025-11-20 12:33:29,821 [main][][][][][][][] INFO org.springframework.beans.factory.xml.XmlBeanDefinitionReader - Loading XML bean definitions from URL [jar:file:/C:/Users/Jeevan/.m2/repository/com/fuso/enterprise/ots/ots-server-common/18.25-SNAPSHOT/ots-server-common-18.25-SNAPSHOT.jar!/META-INF/spring/validation-context.xml]
2025-11-20 12:33:29,867 [main][][][][][][][] INFO org.springframework.beans.factory.xml.XmlBeanDefinitionReader - Loading XML bean definitions from class path resource [META-INF/cxf/cxf.xml]
2025-11-20 12:33:29,995 [main][][][][][][][] INFO org.springframework.beans.factory.config.PropertiesFactoryBean - Loading properties file from class path resource [ots/app-config.properties]
2025-11-20 12:33:29,995 [main][][][][][][][] INFO org.springframework.beans.factory.config.PropertiesFactoryBean - Loading properties file from class path resource [ots/env-config.properties]
2025-11-20 12:33:29,995 [main][][][][][][][] INFO org.springframework.beans.factory.annotation.AutowiredAnnotationBeanPostProcessor - JSR-330 'javax.inject.Inject' annotation found and supported for autowiring
2025-11-20 12:33:30,016 [main][][][][][][][] INFO org.springframework.context.support.PostProcessorRegistrationDelegate$BeanPostProcessorChecker - Bean 'validatorFactory' of type [class org.springframework.validation.beanvalidation.LocalValidatorFactoryBean] is not eligible for getting processed by all BeanPostProcessors (for example: not eligible for auto-proxying)
2025-11-20 12:33:30,762 [main][][][][][][][] INFO org.apache.cxf.endpoint.ServerImpl - Setting the server's publish address to be /v18_1
2025-11-20 12:33:30,978 [main][][][][][][][] INFO org.reflections.Reflections - Reflections took 31 ms to scan 1 urls, producing 51 keys and 85 values 
2025-11-20 12:33:31,547 [main][][][][][][][] INFO org.springframework.web.servlet.DispatcherServlet - FrameworkServlet 'mvc': initialization started
2025-11-20 12:33:31,551 [main][][][][][][][] INFO org.springframework.web.context.support.XmlWebApplicationContext - Refreshing WebApplicationContext for namespace 'mvc-servlet': startup date [Thu Nov 20 07:03:31 UTC 2025]; parent: Root WebApplicationContext
2025-11-20 12:33:31,552 [main][][][][][][][] INFO org.springframework.beans.factory.xml.XmlBeanDefinitionReader - Loading XML bean definitions from ServletContext resource [/WEB-INF/mvc-servlet.xml]
2025-11-20 12:33:31,572 [main][][][][][][][] INFO org.springframework.web.servlet.DispatcherServlet - FrameworkServlet 'mvc': initialization completed in 25 ms
2025-11-20 12:33:45,020 [qtp1259283097-19][0:0:0:0:0:0:0:1][][][][][][] INFO org.reflections.Reflections - Reflections took 11 ms to scan 1 urls, producing 51 keys and 85 values 
